2024-03-26 19:04:08,424 - INFO - Config 1: 
2024-03-26 19:04:08,426 - INFO - Hyper-parameters:emb_size=50,window_size=1,k=5
2024-03-26 19:04:08,427 - INFO - Saved embedding file name:embeddings/50_1_5.txt
2024-03-26 19:04:42,298 - INFO - Epoch [1/10], Iteration [1000/9937], Loss: 14.134912683725357
2024-03-26 19:04:43,518 - INFO - Epoch [1/10], Iteration [2000/9937], Loss: 13.526596040666103
2024-03-26 19:04:44,768 - INFO - Epoch [1/10], Iteration [3000/9937], Loss: 13.329732848803202
2024-03-26 19:04:46,003 - INFO - Epoch [1/10], Iteration [4000/9937], Loss: 13.253502617001534
2024-03-26 19:04:47,227 - INFO - Epoch [1/10], Iteration [5000/9937], Loss: 13.142231692624092
2024-03-26 19:04:48,545 - INFO - Epoch [1/10], Iteration [6000/9937], Loss: 12.953555367946624
2024-03-26 19:04:49,948 - INFO - Epoch [1/10], Iteration [7000/9937], Loss: 12.840362591283663
2024-03-26 19:04:52,673 - INFO - Epoch [1/10], Iteration [8000/9937], Loss: 12.77386704340577
2024-03-26 19:04:54,162 - INFO - Epoch [1/10], Iteration [9000/9937], Loss: 12.742502692543798
2024-03-26 19:04:56,879 - INFO - Epoch [2/10], Iteration [1000/9937], Loss: 10.8403717212677
2024-03-26 19:04:58,345 - INFO - Epoch [2/10], Iteration [2000/9937], Loss: 10.582431583344936
2024-03-26 19:04:59,852 - INFO - Epoch [2/10], Iteration [3000/9937], Loss: 10.372086291273435
2024-03-26 19:05:01,268 - INFO - Epoch [2/10], Iteration [4000/9937], Loss: 10.260296035319566
2024-03-26 19:05:02,744 - INFO - Epoch [2/10], Iteration [5000/9937], Loss: 10.16854373087883
2024-03-26 19:05:04,137 - INFO - Epoch [2/10], Iteration [6000/9937], Loss: 10.048112138946852
2024-03-26 19:05:05,680 - INFO - Epoch [2/10], Iteration [7000/9937], Loss: 9.921914686066764
2024-03-26 19:05:07,555 - INFO - Epoch [2/10], Iteration [8000/9937], Loss: 9.830778064668179
2024-03-26 19:05:09,296 - INFO - Epoch [2/10], Iteration [9000/9937], Loss: 9.782081665549013
2024-03-26 19:05:11,782 - INFO - Epoch [3/10], Iteration [1000/9937], Loss: 8.739755473732949
2024-03-26 19:05:13,011 - INFO - Epoch [3/10], Iteration [2000/9937], Loss: 8.661748561441899
2024-03-26 19:05:14,259 - INFO - Epoch [3/10], Iteration [3000/9937], Loss: 8.576644083658854
2024-03-26 19:05:15,507 - INFO - Epoch [3/10], Iteration [4000/9937], Loss: 8.46641103745997
2024-03-26 19:05:16,787 - INFO - Epoch [3/10], Iteration [5000/9937], Loss: 8.43832596768737
2024-03-26 19:05:18,046 - INFO - Epoch [3/10], Iteration [6000/9937], Loss: 8.401788384472331
2024-03-26 19:05:19,312 - INFO - Epoch [3/10], Iteration [7000/9937], Loss: 8.33549503373674
2024-03-26 19:05:20,588 - INFO - Epoch [3/10], Iteration [8000/9937], Loss: 8.296421521943062
2024-03-26 19:05:21,956 - INFO - Epoch [3/10], Iteration [9000/9937], Loss: 8.274823293743863
2024-03-26 19:05:24,370 - INFO - Epoch [4/10], Iteration [1000/9937], Loss: 7.786360044002533
2024-03-26 19:05:25,651 - INFO - Epoch [4/10], Iteration [2000/9937], Loss: 7.764310325920582
2024-03-26 19:05:27,009 - INFO - Epoch [4/10], Iteration [3000/9937], Loss: 7.75340089136362
2024-03-26 19:05:28,525 - INFO - Epoch [4/10], Iteration [4000/9937], Loss: 7.6798420640900735
2024-03-26 19:05:29,967 - INFO - Epoch [4/10], Iteration [5000/9937], Loss: 7.659917927068472
2024-03-26 19:05:31,331 - INFO - Epoch [4/10], Iteration [6000/9937], Loss: 7.657064014325539
2024-03-26 19:05:32,611 - INFO - Epoch [4/10], Iteration [7000/9937], Loss: 7.611218528015273
2024-03-26 19:05:33,865 - INFO - Epoch [4/10], Iteration [8000/9937], Loss: 7.582741883613169
2024-03-26 19:05:35,182 - INFO - Epoch [4/10], Iteration [9000/9937], Loss: 7.586439529513319
2024-03-26 19:05:38,086 - INFO - Epoch [5/10], Iteration [1000/9937], Loss: 7.3627064990997315
2024-03-26 19:05:39,422 - INFO - Epoch [5/10], Iteration [2000/9937], Loss: 7.352506781071424
2024-03-26 19:05:40,672 - INFO - Epoch [5/10], Iteration [3000/9937], Loss: 7.372054418250919
2024-03-26 19:05:41,936 - INFO - Epoch [5/10], Iteration [4000/9937], Loss: 7.293430492825806
2024-03-26 19:05:43,195 - INFO - Epoch [5/10], Iteration [5000/9937], Loss: 7.276639254063368
2024-03-26 19:05:44,480 - INFO - Epoch [5/10], Iteration [6000/9937], Loss: 7.287526477639874
2024-03-26 19:05:45,798 - INFO - Epoch [5/10], Iteration [7000/9937], Loss: 7.2472000080432215
2024-03-26 19:05:47,068 - INFO - Epoch [5/10], Iteration [8000/9937], Loss: 7.22899865116924
2024-03-26 19:05:48,319 - INFO - Epoch [5/10], Iteration [9000/9937], Loss: 7.2421206560184554
2024-03-26 19:05:50,714 - INFO - Epoch [6/10], Iteration [1000/9937], Loss: 7.132198315858841
2024-03-26 19:05:51,964 - INFO - Epoch [6/10], Iteration [2000/9937], Loss: 7.100400463938713
2024-03-26 19:05:53,289 - INFO - Epoch [6/10], Iteration [3000/9937], Loss: 7.143127243578434
2024-03-26 19:05:54,523 - INFO - Epoch [6/10], Iteration [4000/9937], Loss: 7.078693320736289
2024-03-26 19:05:55,828 - INFO - Epoch [6/10], Iteration [5000/9937], Loss: 7.05768205498904
2024-03-26 19:05:57,083 - INFO - Epoch [6/10], Iteration [6000/9937], Loss: 7.083081639452527
2024-03-26 19:05:58,412 - INFO - Epoch [6/10], Iteration [7000/9937], Loss: 7.0518023167156745
2024-03-26 19:05:59,704 - INFO - Epoch [6/10], Iteration [8000/9937], Loss: 7.033681986645796
2024-03-26 19:06:00,979 - INFO - Epoch [6/10], Iteration [9000/9937], Loss: 7.046906274110906
2024-03-26 19:06:03,457 - INFO - Epoch [7/10], Iteration [1000/9937], Loss: 6.995473832309246
2024-03-26 19:06:04,712 - INFO - Epoch [7/10], Iteration [2000/9937], Loss: 6.990459228441119
2024-03-26 19:06:05,960 - INFO - Epoch [7/10], Iteration [3000/9937], Loss: 7.031414203733206
2024-03-26 19:06:07,236 - INFO - Epoch [7/10], Iteration [4000/9937], Loss: 6.953063800875097
2024-03-26 19:06:08,486 - INFO - Epoch [7/10], Iteration [5000/9937], Loss: 6.9405213603124025
2024-03-26 19:06:09,745 - INFO - Epoch [7/10], Iteration [6000/9937], Loss: 6.967117994143317
2024-03-26 19:06:10,990 - INFO - Epoch [7/10], Iteration [7000/9937], Loss: 6.9389472119158935
2024-03-26 19:06:12,265 - INFO - Epoch [7/10], Iteration [8000/9937], Loss: 6.917461922491901
2024-03-26 19:06:13,528 - INFO - Epoch [7/10], Iteration [9000/9937], Loss: 6.931621085437635
2024-03-26 19:06:15,927 - INFO - Epoch [8/10], Iteration [1000/9937], Loss: 6.922390936076641
2024-03-26 19:06:17,175 - INFO - Epoch [8/10], Iteration [2000/9937], Loss: 6.89788424731046
2024-03-26 19:06:18,426 - INFO - Epoch [8/10], Iteration [3000/9937], Loss: 6.94807491825521
2024-03-26 19:06:19,696 - INFO - Epoch [8/10], Iteration [4000/9937], Loss: 6.873511673610658
2024-03-26 19:06:20,973 - INFO - Epoch [8/10], Iteration [5000/9937], Loss: 6.863500880305469
2024-03-26 19:06:22,562 - INFO - Epoch [8/10], Iteration [6000/9937], Loss: 6.892802508583913
2024-03-26 19:06:23,828 - INFO - Epoch [8/10], Iteration [7000/9937], Loss: 6.8665538172604785
2024-03-26 19:06:25,188 - INFO - Epoch [8/10], Iteration [8000/9937], Loss: 6.847168166113086
2024-03-26 19:06:26,772 - INFO - Epoch [8/10], Iteration [9000/9937], Loss: 6.861494452778664
2024-03-26 19:06:29,403 - INFO - Epoch [9/10], Iteration [1000/9937], Loss: 6.8448078790605065
2024-03-26 19:06:30,668 - INFO - Epoch [9/10], Iteration [2000/9937], Loss: 6.844242232844233
2024-03-26 19:06:31,946 - INFO - Epoch [9/10], Iteration [3000/9937], Loss: 6.895509625658393
2024-03-26 19:06:33,239 - INFO - Epoch [9/10], Iteration [4000/9937], Loss: 6.8211572173796595
2024-03-26 19:06:34,493 - INFO - Epoch [9/10], Iteration [5000/9937], Loss: 6.810467611470074
2024-03-26 19:06:35,745 - INFO - Epoch [9/10], Iteration [6000/9937], Loss: 6.839734338916217
2024-03-26 19:06:37,005 - INFO - Epoch [9/10], Iteration [7000/9937], Loss: 6.815637145410159
2024-03-26 19:06:38,324 - INFO - Epoch [9/10], Iteration [8000/9937], Loss: 6.795747876612936
2024-03-26 19:06:39,765 - INFO - Epoch [9/10], Iteration [9000/9937], Loss: 6.812501381707274
2024-03-26 19:06:42,216 - INFO - Epoch [10/10], Iteration [1000/9937], Loss: 6.811376509785652
2024-03-26 19:06:43,471 - INFO - Epoch [10/10], Iteration [2000/9937], Loss: 6.803988113168627
2024-03-26 19:06:44,769 - INFO - Epoch [10/10], Iteration [3000/9937], Loss: 6.855208652488887
2024-03-26 19:06:46,079 - INFO - Epoch [10/10], Iteration [4000/9937], Loss: 6.779145924178883
2024-03-26 19:06:47,351 - INFO - Epoch [10/10], Iteration [5000/9937], Loss: 6.769648560351134
2024-03-26 19:06:48,595 - INFO - Epoch [10/10], Iteration [6000/9937], Loss: 6.798411666693787
2024-03-26 19:06:49,843 - INFO - Epoch [10/10], Iteration [7000/9937], Loss: 6.775821019904954
2024-03-26 19:06:51,099 - INFO - Epoch [10/10], Iteration [8000/9937], Loss: 6.753860528945923
2024-03-26 19:06:52,368 - INFO - Epoch [10/10], Iteration [9000/9937], Loss: 6.767106826215983
2024-03-26 19:06:53,672 - INFO - Config 2: 
2024-03-26 19:06:53,673 - INFO - Hyper-parameters:emb_size=50,window_size=1,k=10
2024-03-26 19:06:53,674 - INFO - Saved embedding file name:embeddings/50_1_10.txt
2024-03-26 19:07:23,228 - INFO - Epoch [1/10], Iteration [1000/9937], Loss: 20.653269242763518
2024-03-26 19:07:24,528 - INFO - Epoch [1/10], Iteration [2000/9937], Loss: 18.792479075193405
2024-03-26 19:07:25,863 - INFO - Epoch [1/10], Iteration [3000/9937], Loss: 18.012732643286387
2024-03-26 19:07:27,209 - INFO - Epoch [1/10], Iteration [4000/9937], Loss: 17.73134383481741
2024-03-26 19:07:28,597 - INFO - Epoch [1/10], Iteration [5000/9937], Loss: 17.527973140621185
2024-03-26 19:07:29,905 - INFO - Epoch [1/10], Iteration [6000/9937], Loss: 17.15500388721625
2024-03-26 19:07:31,216 - INFO - Epoch [1/10], Iteration [7000/9937], Loss: 16.914843913384846
2024-03-26 19:07:32,594 - INFO - Epoch [1/10], Iteration [8000/9937], Loss: 16.726525171488525
2024-03-26 19:07:33,926 - INFO - Epoch [1/10], Iteration [9000/9937], Loss: 16.602665961027146
2024-03-26 19:07:36,496 - INFO - Epoch [2/10], Iteration [1000/9937], Loss: 13.51153755569458
2024-03-26 19:07:37,823 - INFO - Epoch [2/10], Iteration [2000/9937], Loss: 13.300622278690339
2024-03-26 19:07:39,227 - INFO - Epoch [2/10], Iteration [3000/9937], Loss: 13.22449871134758
2024-03-26 19:07:40,537 - INFO - Epoch [2/10], Iteration [4000/9937], Loss: 13.257770522892475
2024-03-26 19:07:41,870 - INFO - Epoch [2/10], Iteration [5000/9937], Loss: 13.209212025165558
2024-03-26 19:07:43,203 - INFO - Epoch [2/10], Iteration [6000/9937], Loss: 13.081150393068791
2024-03-26 19:07:44,546 - INFO - Epoch [2/10], Iteration [7000/9937], Loss: 13.039532277328627
2024-03-26 19:07:45,935 - INFO - Epoch [2/10], Iteration [8000/9937], Loss: 12.961716983512044
2024-03-26 19:07:47,258 - INFO - Epoch [2/10], Iteration [9000/9937], Loss: 12.93316046430005
2024-03-26 19:07:49,767 - INFO - Epoch [3/10], Iteration [1000/9937], Loss: 11.767282126665116
2024-03-26 19:07:51,098 - INFO - Epoch [3/10], Iteration [2000/9937], Loss: 11.665105234622954
2024-03-26 19:07:52,449 - INFO - Epoch [3/10], Iteration [3000/9937], Loss: 11.6117984726429
2024-03-26 19:07:53,793 - INFO - Epoch [3/10], Iteration [4000/9937], Loss: 11.571097617894411
2024-03-26 19:07:55,105 - INFO - Epoch [3/10], Iteration [5000/9937], Loss: 11.525404955923557
2024-03-26 19:07:56,472 - INFO - Epoch [3/10], Iteration [6000/9937], Loss: 11.450796715885401
2024-03-26 19:07:57,805 - INFO - Epoch [3/10], Iteration [7000/9937], Loss: 11.42085064042466
2024-03-26 19:07:59,138 - INFO - Epoch [3/10], Iteration [8000/9937], Loss: 11.37807574211806
2024-03-26 19:08:00,455 - INFO - Epoch [3/10], Iteration [9000/9937], Loss: 11.348843111935588
2024-03-26 19:08:02,992 - INFO - Epoch [4/10], Iteration [1000/9937], Loss: 10.761117241024971
2024-03-26 19:08:04,318 - INFO - Epoch [4/10], Iteration [2000/9937], Loss: 10.630203308403493
2024-03-26 19:08:05,634 - INFO - Epoch [4/10], Iteration [3000/9937], Loss: 10.669651963671049
2024-03-26 19:08:06,972 - INFO - Epoch [4/10], Iteration [4000/9937], Loss: 10.59470376060903
2024-03-26 19:08:08,193 - INFO - Epoch [4/10], Iteration [5000/9937], Loss: 10.555701638281345
2024-03-26 19:08:09,430 - INFO - Epoch [4/10], Iteration [6000/9937], Loss: 10.522806341240804
2024-03-26 19:08:10,643 - INFO - Epoch [4/10], Iteration [7000/9937], Loss: 10.511446376604693
2024-03-26 19:08:11,882 - INFO - Epoch [4/10], Iteration [8000/9937], Loss: 10.491228158570825
2024-03-26 19:08:13,102 - INFO - Epoch [4/10], Iteration [9000/9937], Loss: 10.489986551241742
2024-03-26 19:08:15,429 - INFO - Epoch [5/10], Iteration [1000/9937], Loss: 10.18870444214344
2024-03-26 19:08:16,633 - INFO - Epoch [5/10], Iteration [2000/9937], Loss: 10.098933573424816
2024-03-26 19:08:17,862 - INFO - Epoch [5/10], Iteration [3000/9937], Loss: 10.193819730003675
2024-03-26 19:08:19,073 - INFO - Epoch [5/10], Iteration [4000/9937], Loss: 10.11373387363553
2024-03-26 19:08:20,282 - INFO - Epoch [5/10], Iteration [5000/9937], Loss: 10.072679502439499
2024-03-26 19:08:21,519 - INFO - Epoch [5/10], Iteration [6000/9937], Loss: 10.059384915093581
2024-03-26 19:08:22,741 - INFO - Epoch [5/10], Iteration [7000/9937], Loss: 10.063332361740725
2024-03-26 19:08:23,973 - INFO - Epoch [5/10], Iteration [8000/9937], Loss: 10.038483498014509
2024-03-26 19:08:25,198 - INFO - Epoch [5/10], Iteration [9000/9937], Loss: 10.039367584105994
2024-03-26 19:08:27,544 - INFO - Epoch [6/10], Iteration [1000/9937], Loss: 9.900459773540497
2024-03-26 19:08:28,751 - INFO - Epoch [6/10], Iteration [2000/9937], Loss: 9.825822019398213
2024-03-26 19:08:29,949 - INFO - Epoch [6/10], Iteration [3000/9937], Loss: 9.903729229569436
2024-03-26 19:08:31,158 - INFO - Epoch [6/10], Iteration [4000/9937], Loss: 9.812138039708138
2024-03-26 19:08:32,371 - INFO - Epoch [6/10], Iteration [5000/9937], Loss: 9.774693862211704
2024-03-26 19:08:33,580 - INFO - Epoch [6/10], Iteration [6000/9937], Loss: 9.78538713062803
2024-03-26 19:08:34,780 - INFO - Epoch [6/10], Iteration [7000/9937], Loss: 9.790671547983374
2024-03-26 19:08:36,001 - INFO - Epoch [6/10], Iteration [8000/9937], Loss: 9.772056844770908
2024-03-26 19:08:37,239 - INFO - Epoch [6/10], Iteration [9000/9937], Loss: 9.78050926435656
2024-03-26 19:08:39,648 - INFO - Epoch [7/10], Iteration [1000/9937], Loss: 9.69383591210842
2024-03-26 19:08:40,883 - INFO - Epoch [7/10], Iteration [2000/9937], Loss: 9.651906859517098
2024-03-26 19:08:42,103 - INFO - Epoch [7/10], Iteration [3000/9937], Loss: 9.722214602748553
2024-03-26 19:08:43,319 - INFO - Epoch [7/10], Iteration [4000/9937], Loss: 9.635324350230396
2024-03-26 19:08:44,540 - INFO - Epoch [7/10], Iteration [5000/9937], Loss: 9.5970350769341
2024-03-26 19:08:45,777 - INFO - Epoch [7/10], Iteration [6000/9937], Loss: 9.606923426116506
2024-03-26 19:08:46,987 - INFO - Epoch [7/10], Iteration [7000/9937], Loss: 9.61244524988532
2024-03-26 19:08:48,201 - INFO - Epoch [7/10], Iteration [8000/9937], Loss: 9.597863281596451
2024-03-26 19:08:49,711 - INFO - Epoch [7/10], Iteration [9000/9937], Loss: 9.606268392890692
2024-03-26 19:08:52,979 - INFO - Epoch [8/10], Iteration [1000/9937], Loss: 9.54638912051916
2024-03-26 19:08:54,206 - INFO - Epoch [8/10], Iteration [2000/9937], Loss: 9.53415111169219
2024-03-26 19:09:43,332 - INFO - Epoch [8/10], Iteration [3000/9937], Loss: 9.60558287237088
2024-03-26 19:09:45,266 - INFO - Epoch [8/10], Iteration [4000/9937], Loss: 9.51996637992561
2024-03-26 19:09:46,652 - INFO - Epoch [8/10], Iteration [5000/9937], Loss: 9.476322158032655
2024-03-26 19:09:47,997 - INFO - Epoch [8/10], Iteration [6000/9937], Loss: 9.497641807163754
2024-03-26 19:09:49,431 - INFO - Epoch [8/10], Iteration [7000/9937], Loss: 9.502751337140799
2024-03-26 19:09:50,654 - INFO - Epoch [8/10], Iteration [8000/9937], Loss: 9.492839109007269
2024-03-26 19:09:51,998 - INFO - Epoch [8/10], Iteration [9000/9937], Loss: 9.504658730596304
2024-03-26 19:09:54,310 - INFO - Epoch [9/10], Iteration [1000/9937], Loss: 9.455693394184113
2024-03-26 19:09:55,524 - INFO - Epoch [9/10], Iteration [2000/9937], Loss: 9.444283359199762
2024-03-26 19:09:56,702 - INFO - Epoch [9/10], Iteration [3000/9937], Loss: 9.516620004038016
2024-03-26 19:09:57,883 - INFO - Epoch [9/10], Iteration [4000/9937], Loss: 9.433656777508556
2024-03-26 19:09:59,091 - INFO - Epoch [9/10], Iteration [5000/9937], Loss: 9.391312726849318
2024-03-26 19:10:00,299 - INFO - Epoch [9/10], Iteration [6000/9937], Loss: 9.419160602028171
2024-03-26 19:10:01,504 - INFO - Epoch [9/10], Iteration [7000/9937], Loss: 9.4204096684243
2024-03-26 19:10:02,705 - INFO - Epoch [9/10], Iteration [8000/9937], Loss: 9.409098609307781
2024-03-26 19:10:03,886 - INFO - Epoch [9/10], Iteration [9000/9937], Loss: 9.420573237233691
2024-03-26 19:10:06,156 - INFO - Epoch [10/10], Iteration [1000/9937], Loss: 9.40305563288927
2024-03-26 19:10:07,333 - INFO - Epoch [10/10], Iteration [2000/9937], Loss: 9.391173797786236
2024-03-26 19:10:08,501 - INFO - Epoch [10/10], Iteration [3000/9937], Loss: 9.471752665440242
2024-03-26 19:10:09,687 - INFO - Epoch [10/10], Iteration [4000/9937], Loss: 9.387382333353163
2024-03-26 19:10:10,856 - INFO - Epoch [10/10], Iteration [5000/9937], Loss: 9.342622538942098
2024-03-26 19:10:12,054 - INFO - Epoch [10/10], Iteration [6000/9937], Loss: 9.37235788196822
2024-03-26 19:10:13,234 - INFO - Epoch [10/10], Iteration [7000/9937], Loss: 9.372238349450486
2024-03-26 19:10:14,445 - INFO - Epoch [10/10], Iteration [8000/9937], Loss: 9.358251416061073
2024-03-26 19:10:15,618 - INFO - Epoch [10/10], Iteration [9000/9937], Loss: 9.367143700242043
2024-03-26 19:10:16,782 - INFO - Config 3: 
2024-03-26 19:10:16,783 - INFO - Hyper-parameters:emb_size=50,window_size=1,k=15
2024-03-26 19:10:16,785 - INFO - Saved embedding file name:embeddings/50_1_15.txt
2024-03-26 19:10:45,931 - INFO - Epoch [1/10], Iteration [1000/9937], Loss: 26.079361385822295
2024-03-26 19:10:47,253 - INFO - Epoch [1/10], Iteration [2000/9937], Loss: 23.07955237364769
2024-03-26 19:10:48,633 - INFO - Epoch [1/10], Iteration [3000/9937], Loss: 21.9310769627889
2024-03-26 19:10:49,994 - INFO - Epoch [1/10], Iteration [4000/9937], Loss: 21.40443978857994
2024-03-26 19:10:51,319 - INFO - Epoch [1/10], Iteration [5000/9937], Loss: 21.04070257563591
2024-03-26 19:10:52,644 - INFO - Epoch [1/10], Iteration [6000/9937], Loss: 20.49215415048599
2024-03-26 19:10:53,988 - INFO - Epoch [1/10], Iteration [7000/9937], Loss: 20.102285762582508
2024-03-26 19:10:55,351 - INFO - Epoch [1/10], Iteration [8000/9937], Loss: 19.814045883536338
2024-03-26 19:10:56,689 - INFO - Epoch [1/10], Iteration [9000/9937], Loss: 19.632884272204507
2024-03-26 19:10:59,373 - INFO - Epoch [2/10], Iteration [1000/9937], Loss: 15.62633189535141
2024-03-26 19:11:00,759 - INFO - Epoch [2/10], Iteration [2000/9937], Loss: 15.499003281235694
2024-03-26 19:11:02,109 - INFO - Epoch [2/10], Iteration [3000/9937], Loss: 15.438780508041383
2024-03-26 19:11:03,455 - INFO - Epoch [2/10], Iteration [4000/9937], Loss: 15.455226286590099
2024-03-26 19:11:04,805 - INFO - Epoch [2/10], Iteration [5000/9937], Loss: 15.466827598142624
2024-03-26 19:11:06,141 - INFO - Epoch [2/10], Iteration [6000/9937], Loss: 15.319638727267582
2024-03-26 19:11:07,490 - INFO - Epoch [2/10], Iteration [7000/9937], Loss: 15.233213486194611
2024-03-26 19:11:08,830 - INFO - Epoch [2/10], Iteration [8000/9937], Loss: 15.160574324727058
2024-03-26 19:11:10,142 - INFO - Epoch [2/10], Iteration [9000/9937], Loss: 15.151224487966962
2024-03-26 19:11:12,707 - INFO - Epoch [3/10], Iteration [1000/9937], Loss: 13.863020658731461
2024-03-26 19:11:14,030 - INFO - Epoch [3/10], Iteration [2000/9937], Loss: 13.758884318232536
2024-03-26 19:11:15,376 - INFO - Epoch [3/10], Iteration [3000/9937], Loss: 13.806891208171844
2024-03-26 19:11:16,713 - INFO - Epoch [3/10], Iteration [4000/9937], Loss: 13.780929559439421
2024-03-26 19:11:18,070 - INFO - Epoch [3/10], Iteration [5000/9937], Loss: 13.7584437104702
2024-03-26 19:11:19,395 - INFO - Epoch [3/10], Iteration [6000/9937], Loss: 13.66248688030243
2024-03-26 19:11:20,717 - INFO - Epoch [3/10], Iteration [7000/9937], Loss: 13.616927358014243
2024-03-26 19:11:22,050 - INFO - Epoch [3/10], Iteration [8000/9937], Loss: 13.572732521981
2024-03-26 19:11:23,367 - INFO - Epoch [3/10], Iteration [9000/9937], Loss: 13.560727774474357
2024-03-26 19:11:25,987 - INFO - Epoch [4/10], Iteration [1000/9937], Loss: 12.772194306373596
2024-03-26 19:11:27,310 - INFO - Epoch [4/10], Iteration [2000/9937], Loss: 12.705970457434654
2024-03-26 19:11:28,700 - INFO - Epoch [4/10], Iteration [3000/9937], Loss: 12.810526528358459
2024-03-26 19:11:30,022 - INFO - Epoch [4/10], Iteration [4000/9937], Loss: 12.753168322458864
2024-03-26 19:11:31,406 - INFO - Epoch [4/10], Iteration [5000/9937], Loss: 12.722392331135273
2024-03-26 19:11:32,817 - INFO - Epoch [4/10], Iteration [6000/9937], Loss: 12.674973204861084
2024-03-26 19:11:34,164 - INFO - Epoch [4/10], Iteration [7000/9937], Loss: 12.656372212350368
2024-03-26 19:11:35,512 - INFO - Epoch [4/10], Iteration [8000/9937], Loss: 12.633090432591736
2024-03-26 19:11:36,861 - INFO - Epoch [4/10], Iteration [9000/9937], Loss: 12.63592998517884
2024-03-26 19:11:39,476 - INFO - Epoch [5/10], Iteration [1000/9937], Loss: 12.133842242240906
2024-03-26 19:11:40,805 - INFO - Epoch [5/10], Iteration [2000/9937], Loss: 12.064398633003234
2024-03-26 19:11:42,420 - INFO - Epoch [5/10], Iteration [3000/9937], Loss: 12.205275598923365
2024-03-26 19:11:43,813 - INFO - Epoch [5/10], Iteration [4000/9937], Loss: 12.151581826865673
2024-03-26 19:11:45,146 - INFO - Epoch [5/10], Iteration [5000/9937], Loss: 12.104633673834801
2024-03-26 19:11:46,509 - INFO - Epoch [5/10], Iteration [6000/9937], Loss: 12.085044507642587
2024-03-26 19:11:47,909 - INFO - Epoch [5/10], Iteration [7000/9937], Loss: 12.05638180547101
2024-03-26 19:11:49,300 - INFO - Epoch [5/10], Iteration [8000/9937], Loss: 12.04734783564508
2024-03-26 19:11:50,669 - INFO - Epoch [5/10], Iteration [9000/9937], Loss: 12.062309117065535
2024-03-26 19:11:53,301 - INFO - Epoch [6/10], Iteration [1000/9937], Loss: 11.72519343739748
2024-03-26 19:11:54,633 - INFO - Epoch [6/10], Iteration [2000/9937], Loss: 11.645037276178599
2024-03-26 19:11:55,947 - INFO - Epoch [6/10], Iteration [3000/9937], Loss: 11.804308923184871
2024-03-26 19:11:57,268 - INFO - Epoch [6/10], Iteration [4000/9937], Loss: 11.75326432557404
2024-03-26 19:11:59,142 - INFO - Epoch [6/10], Iteration [5000/9937], Loss: 11.706816523730755
2024-03-26 19:12:00,659 - INFO - Epoch [6/10], Iteration [6000/9937], Loss: 11.712868666678666
2024-03-26 19:12:02,039 - INFO - Epoch [6/10], Iteration [7000/9937], Loss: 11.695954280674458
2024-03-26 19:16:11,510 - INFO - Epoch [6/10], Iteration [8000/9937], Loss: 11.686473711274564
2024-03-26 19:16:13,616 - INFO - Epoch [6/10], Iteration [9000/9937], Loss: 11.704963118129307
2024-03-26 19:16:17,114 - INFO - Epoch [7/10], Iteration [1000/9937], Loss: 11.51413167834282
2024-03-26 19:16:19,495 - INFO - Epoch [7/10], Iteration [2000/9937], Loss: 11.442837905049323
2024-03-26 19:16:21,183 - INFO - Epoch [7/10], Iteration [3000/9937], Loss: 11.59366934657097
2024-03-26 19:16:22,800 - INFO - Epoch [7/10], Iteration [4000/9937], Loss: 11.539317453861237
2024-03-26 19:16:24,389 - INFO - Epoch [7/10], Iteration [5000/9937], Loss: 11.47763634301424
2024-03-26 19:16:26,041 - INFO - Epoch [7/10], Iteration [6000/9937], Loss: 11.49112605330348
2024-03-26 19:16:27,685 - INFO - Epoch [7/10], Iteration [7000/9937], Loss: 11.48256651966061
2024-03-26 19:16:29,150 - INFO - Epoch [7/10], Iteration [8000/9937], Loss: 11.471746140651405
2024-03-26 19:16:30,560 - INFO - Epoch [7/10], Iteration [9000/9937], Loss: 11.493052912102804
2024-03-26 19:16:33,324 - INFO - Epoch [8/10], Iteration [1000/9937], Loss: 11.379132855534554
2024-03-26 19:16:34,831 - INFO - Epoch [8/10], Iteration [2000/9937], Loss: 11.303853271067142
2024-03-26 19:16:36,305 - INFO - Epoch [8/10], Iteration [3000/9937], Loss: 11.43794430053234
2024-03-26 19:16:37,735 - INFO - Epoch [8/10], Iteration [4000/9937], Loss: 11.383605760604143
2024-03-26 19:16:39,238 - INFO - Epoch [8/10], Iteration [5000/9937], Loss: 11.314378409159184
2024-03-26 19:16:40,860 - INFO - Epoch [8/10], Iteration [6000/9937], Loss: 11.339627485146124
2024-03-26 19:16:42,279 - INFO - Epoch [8/10], Iteration [7000/9937], Loss: 11.339388675170285
2024-03-26 19:16:43,820 - INFO - Epoch [8/10], Iteration [8000/9937], Loss: 11.322721815057099
2024-03-26 19:16:45,436 - INFO - Epoch [8/10], Iteration [9000/9937], Loss: 11.34263548248344
2024-03-26 19:16:48,517 - INFO - Epoch [9/10], Iteration [1000/9937], Loss: 11.23559724265337
2024-03-26 19:16:50,008 - INFO - Epoch [9/10], Iteration [2000/9937], Loss: 11.182325266689062
2024-03-26 19:16:51,469 - INFO - Epoch [9/10], Iteration [3000/9937], Loss: 11.319840387205282
2024-03-26 19:16:53,028 - INFO - Epoch [9/10], Iteration [4000/9937], Loss: 11.27439618909359
2024-03-26 19:16:54,467 - INFO - Epoch [9/10], Iteration [5000/9937], Loss: 11.198753750401735
2024-03-26 19:16:55,959 - INFO - Epoch [9/10], Iteration [6000/9937], Loss: 11.23445263769726
2024-03-26 19:16:57,654 - INFO - Epoch [9/10], Iteration [7000/9937], Loss: 11.237084603586368
2024-03-26 19:16:59,070 - INFO - Epoch [9/10], Iteration [8000/9937], Loss: 11.221455115798861
2024-03-26 19:17:00,415 - INFO - Epoch [9/10], Iteration [9000/9937], Loss: 11.242976642115249
2024-03-26 19:17:03,025 - INFO - Epoch [10/10], Iteration [1000/9937], Loss: 11.130405205667019
2024-03-26 19:17:04,351 - INFO - Epoch [10/10], Iteration [2000/9937], Loss: 11.099955371290445
2024-03-26 19:17:05,696 - INFO - Epoch [10/10], Iteration [3000/9937], Loss: 11.235350883742173
2024-03-26 19:17:07,015 - INFO - Epoch [10/10], Iteration [4000/9937], Loss: 11.186889703512191
2024-03-26 19:17:08,487 - INFO - Epoch [10/10], Iteration [5000/9937], Loss: 11.11861662210226
2024-03-26 19:17:09,881 - INFO - Epoch [10/10], Iteration [6000/9937], Loss: 11.156928622017304
2024-03-26 19:17:11,207 - INFO - Epoch [10/10], Iteration [7000/9937], Loss: 11.160762532753603
2024-03-26 19:17:12,598 - INFO - Epoch [10/10], Iteration [8000/9937], Loss: 11.144694903336465
2024-03-26 19:17:13,949 - INFO - Epoch [10/10], Iteration [9000/9937], Loss: 11.16336883540286
2024-03-26 19:17:15,271 - INFO - Config 4: 
2024-03-26 19:17:15,272 - INFO - Hyper-parameters:emb_size=50,window_size=3,k=5
2024-03-26 19:17:15,274 - INFO - Saved embedding file name:embeddings/50_3_5.txt
2024-03-26 19:17:49,979 - INFO - Epoch [1/10], Iteration [1000/29808], Loss: 14.638244662284851
2024-03-26 19:17:51,162 - INFO - Epoch [1/10], Iteration [2000/29808], Loss: 13.988639094591141
2024-03-26 19:17:52,433 - INFO - Epoch [1/10], Iteration [3000/29808], Loss: 13.717105159759521
2024-03-26 19:17:53,636 - INFO - Epoch [1/10], Iteration [4000/29808], Loss: 13.624470829069615
2024-03-26 19:17:54,738 - INFO - Epoch [1/10], Iteration [5000/29808], Loss: 13.44807117486
2024-03-26 19:17:55,839 - INFO - Epoch [1/10], Iteration [6000/29808], Loss: 13.400924994270007
2024-03-26 19:17:56,939 - INFO - Epoch [1/10], Iteration [7000/29808], Loss: 13.37224388873577
2024-03-26 19:17:58,038 - INFO - Epoch [1/10], Iteration [8000/29808], Loss: 13.30655416329205
2024-03-26 19:17:59,135 - INFO - Epoch [1/10], Iteration [9000/29808], Loss: 13.234592790881793
2024-03-26 19:18:00,249 - INFO - Epoch [1/10], Iteration [10000/29808], Loss: 13.22787599903345
2024-03-26 19:18:01,344 - INFO - Epoch [1/10], Iteration [11000/29808], Loss: 13.24465862075849
2024-03-26 19:18:02,464 - INFO - Epoch [1/10], Iteration [12000/29808], Loss: 13.22037089690566
2024-03-26 19:18:03,568 - INFO - Epoch [1/10], Iteration [13000/29808], Loss: 13.239286811214226
2024-03-26 19:18:04,673 - INFO - Epoch [1/10], Iteration [14000/29808], Loss: 13.18549554236446
2024-03-26 19:18:05,771 - INFO - Epoch [1/10], Iteration [15000/29808], Loss: 13.116142793854078
2024-03-26 19:18:06,877 - INFO - Epoch [1/10], Iteration [16000/29808], Loss: 13.074070015974343
2024-03-26 19:18:07,993 - INFO - Epoch [1/10], Iteration [17000/29808], Loss: 13.01325325357914
2024-03-26 19:18:09,164 - INFO - Epoch [1/10], Iteration [18000/29808], Loss: 12.943281574772463
2024-03-26 19:18:10,405 - INFO - Epoch [1/10], Iteration [19000/29808], Loss: 12.89779531397945
2024-03-26 19:18:11,669 - INFO - Epoch [1/10], Iteration [20000/29808], Loss: 12.909818375509976
2024-03-26 19:18:13,435 - INFO - Epoch [1/10], Iteration [21000/29808], Loss: 12.863747995473089
2024-03-26 19:18:14,597 - INFO - Epoch [1/10], Iteration [22000/29808], Loss: 12.85190117496252
2024-03-26 19:18:15,938 - INFO - Epoch [1/10], Iteration [23000/29808], Loss: 12.798527901644292
2024-03-26 19:18:17,248 - INFO - Epoch [1/10], Iteration [24000/29808], Loss: 12.781642546440164
2024-03-26 19:18:18,549 - INFO - Epoch [1/10], Iteration [25000/29808], Loss: 12.774335211062432
2024-03-26 19:18:19,751 - INFO - Epoch [1/10], Iteration [26000/29808], Loss: 12.756882188407275
2024-03-26 19:18:20,965 - INFO - Epoch [1/10], Iteration [27000/29808], Loss: 12.735739823283973
2024-03-26 19:18:22,291 - INFO - Epoch [1/10], Iteration [28000/29808], Loss: 12.731919087473836
2024-03-26 19:18:23,806 - INFO - Epoch [1/10], Iteration [29000/29808], Loss: 12.703785941119852
2024-03-26 19:18:26,961 - INFO - Epoch [2/10], Iteration [1000/29808], Loss: 11.139307143211365
2024-03-26 19:18:28,754 - INFO - Epoch [2/10], Iteration [2000/29808], Loss: 11.038207738876343
2024-03-26 19:18:30,089 - INFO - Epoch [2/10], Iteration [3000/29808], Loss: 11.06448317305247
2024-03-26 19:18:31,322 - INFO - Epoch [2/10], Iteration [4000/29808], Loss: 10.982409346818924
2024-03-26 19:18:32,749 - INFO - Epoch [2/10], Iteration [5000/29808], Loss: 10.908818686389923
2024-03-26 19:18:34,060 - INFO - Epoch [2/10], Iteration [6000/29808], Loss: 10.884354842821757
2024-03-26 19:18:35,376 - INFO - Epoch [2/10], Iteration [7000/29808], Loss: 10.91390669989586
2024-03-26 19:18:36,889 - INFO - Epoch [2/10], Iteration [8000/29808], Loss: 10.880998381733894
2024-03-26 19:18:38,425 - INFO - Epoch [2/10], Iteration [9000/29808], Loss: 10.857412436114418
2024-03-26 19:18:39,771 - INFO - Epoch [2/10], Iteration [10000/29808], Loss: 10.861283993911742
2024-03-26 19:18:41,036 - INFO - Epoch [2/10], Iteration [11000/29808], Loss: 10.863699639883908
2024-03-26 19:18:42,308 - INFO - Epoch [2/10], Iteration [12000/29808], Loss: 10.847746290524801
2024-03-26 19:18:43,541 - INFO - Epoch [2/10], Iteration [13000/29808], Loss: 10.825127867240171
2024-03-26 19:18:44,776 - INFO - Epoch [2/10], Iteration [14000/29808], Loss: 10.829996333122253
2024-03-26 19:18:45,945 - INFO - Epoch [2/10], Iteration [15000/29808], Loss: 10.80971121600469
2024-03-26 19:18:47,136 - INFO - Epoch [2/10], Iteration [16000/29808], Loss: 10.817847162008286
2024-03-26 19:18:48,281 - INFO - Epoch [2/10], Iteration [17000/29808], Loss: 10.788458671815254
2024-03-26 19:18:49,457 - INFO - Epoch [2/10], Iteration [18000/29808], Loss: 10.771410722977585
2024-03-26 19:18:50,666 - INFO - Epoch [2/10], Iteration [19000/29808], Loss: 10.747596148114456
2024-03-26 19:18:51,890 - INFO - Epoch [2/10], Iteration [20000/29808], Loss: 10.751655501323938
2024-03-26 19:18:53,119 - INFO - Epoch [2/10], Iteration [21000/29808], Loss: 10.742312390083358
2024-03-26 19:18:54,346 - INFO - Epoch [2/10], Iteration [22000/29808], Loss: 10.74344288595698
2024-03-26 19:18:55,628 - INFO - Epoch [2/10], Iteration [23000/29808], Loss: 10.724377025910046
2024-03-26 19:18:56,836 - INFO - Epoch [2/10], Iteration [24000/29808], Loss: 10.715578857188424
2024-03-26 19:18:58,036 - INFO - Epoch [2/10], Iteration [25000/29808], Loss: 10.722879716553688
2024-03-26 19:18:59,209 - INFO - Epoch [2/10], Iteration [26000/29808], Loss: 10.717074911745694
2024-03-26 19:19:00,477 - INFO - Epoch [2/10], Iteration [27000/29808], Loss: 10.718184570369898
2024-03-26 19:19:01,633 - INFO - Epoch [2/10], Iteration [28000/29808], Loss: 10.712685755763735
2024-03-26 19:19:02,790 - INFO - Epoch [2/10], Iteration [29000/29808], Loss: 10.705234230247036
2024-03-26 19:19:04,831 - INFO - Epoch [3/10], Iteration [1000/29808], Loss: 10.254552151203155
2024-03-26 19:19:06,098 - INFO - Epoch [3/10], Iteration [2000/29808], Loss: 10.087956295847892
2024-03-26 19:19:07,325 - INFO - Epoch [3/10], Iteration [3000/29808], Loss: 10.081306875308355
2024-03-26 19:19:08,530 - INFO - Epoch [3/10], Iteration [4000/29808], Loss: 10.09726422214508
2024-03-26 19:19:09,676 - INFO - Epoch [3/10], Iteration [5000/29808], Loss: 10.025295323801041
2024-03-26 19:19:10,946 - INFO - Epoch [3/10], Iteration [6000/29808], Loss: 10.032595857580503
2024-03-26 19:19:12,199 - INFO - Epoch [3/10], Iteration [7000/29808], Loss: 10.058161618028368
2024-03-26 19:19:13,514 - INFO - Epoch [3/10], Iteration [8000/29808], Loss: 10.045877268344164
2024-03-26 19:19:14,734 - INFO - Epoch [3/10], Iteration [9000/29808], Loss: 10.045558788908853
2024-03-26 19:19:15,873 - INFO - Epoch [3/10], Iteration [10000/29808], Loss: 10.040589676690102
2024-03-26 19:19:17,095 - INFO - Epoch [3/10], Iteration [11000/29808], Loss: 10.040675994526255
2024-03-26 19:19:18,385 - INFO - Epoch [3/10], Iteration [12000/29808], Loss: 10.02232950679461
2024-03-26 19:19:19,618 - INFO - Epoch [3/10], Iteration [13000/29808], Loss: 9.947126761473141
2024-03-26 19:19:21,049 - INFO - Epoch [3/10], Iteration [14000/29808], Loss: 9.968849801829883
2024-03-26 19:19:22,321 - INFO - Epoch [3/10], Iteration [15000/29808], Loss: 9.965903433020909
2024-03-26 19:19:23,680 - INFO - Epoch [3/10], Iteration [16000/29808], Loss: 9.978989386752248
2024-03-26 19:19:24,893 - INFO - Epoch [3/10], Iteration [17000/29808], Loss: 9.965773062947918
2024-03-26 19:19:26,308 - INFO - Epoch [3/10], Iteration [18000/29808], Loss: 9.961766286614868
2024-03-26 19:19:27,510 - INFO - Epoch [3/10], Iteration [19000/29808], Loss: 9.945006970728699
2024-03-26 19:19:28,702 - INFO - Epoch [3/10], Iteration [20000/29808], Loss: 9.936582793411613
2024-03-26 19:19:29,930 - INFO - Epoch [3/10], Iteration [21000/29808], Loss: 9.934141868350052
2024-03-26 19:19:31,147 - INFO - Epoch [3/10], Iteration [22000/29808], Loss: 9.936524011484602
2024-03-26 19:19:32,377 - INFO - Epoch [3/10], Iteration [23000/29808], Loss: 9.925087272714014
2024-03-26 19:19:33,816 - INFO - Epoch [3/10], Iteration [24000/29808], Loss: 9.903554676232238
2024-03-26 19:19:35,025 - INFO - Epoch [3/10], Iteration [25000/29808], Loss: 9.91213883642435
2024-03-26 19:19:36,256 - INFO - Epoch [3/10], Iteration [26000/29808], Loss: 9.902959138102256
2024-03-26 19:19:37,561 - INFO - Epoch [3/10], Iteration [27000/29808], Loss: 9.910923052728176
2024-03-26 19:19:38,770 - INFO - Epoch [3/10], Iteration [28000/29808], Loss: 9.903355762202825
2024-03-26 19:19:40,169 - INFO - Epoch [3/10], Iteration [29000/29808], Loss: 9.900673963441932
2024-03-26 19:19:42,694 - INFO - Epoch [4/10], Iteration [1000/29808], Loss: 9.844639293670655
2024-03-26 19:19:44,064 - INFO - Epoch [4/10], Iteration [2000/29808], Loss: 9.67450233387947
2024-03-26 19:19:45,477 - INFO - Epoch [4/10], Iteration [3000/29808], Loss: 9.621330115636189
2024-03-26 19:19:46,744 - INFO - Epoch [4/10], Iteration [4000/29808], Loss: 9.6714065502882
2024-03-26 19:19:48,086 - INFO - Epoch [4/10], Iteration [5000/29808], Loss: 9.630747969722748
2024-03-26 19:19:49,367 - INFO - Epoch [4/10], Iteration [6000/29808], Loss: 9.631184423804283
2024-03-26 19:19:50,702 - INFO - Epoch [4/10], Iteration [7000/29808], Loss: 9.650019115277699
2024-03-26 19:19:52,011 - INFO - Epoch [4/10], Iteration [8000/29808], Loss: 9.644070899441838
2024-03-26 19:19:53,314 - INFO - Epoch [4/10], Iteration [9000/29808], Loss: 9.64409433816539
2024-03-26 19:19:54,632 - INFO - Epoch [4/10], Iteration [10000/29808], Loss: 9.648309488081932
2024-03-26 19:19:55,967 - INFO - Epoch [4/10], Iteration [11000/29808], Loss: 9.63894403091344
2024-03-26 19:19:57,271 - INFO - Epoch [4/10], Iteration [12000/29808], Loss: 9.617730424692233
2024-03-26 19:19:58,520 - INFO - Epoch [4/10], Iteration [13000/29808], Loss: 9.51024168418004
2024-03-26 19:19:59,697 - INFO - Epoch [4/10], Iteration [14000/29808], Loss: 9.534716551661491
2024-03-26 19:20:00,851 - INFO - Epoch [4/10], Iteration [15000/29808], Loss: 9.53822926082611
2024-03-26 19:20:01,962 - INFO - Epoch [4/10], Iteration [16000/29808], Loss: 9.555401717454195
2024-03-26 19:20:03,103 - INFO - Epoch [4/10], Iteration [17000/29808], Loss: 9.552275029245545
2024-03-26 19:20:04,260 - INFO - Epoch [4/10], Iteration [18000/29808], Loss: 9.554744334081809
2024-03-26 19:20:05,471 - INFO - Epoch [4/10], Iteration [19000/29808], Loss: 9.539996162292205
2024-03-26 19:20:06,792 - INFO - Epoch [4/10], Iteration [20000/29808], Loss: 9.523864918634295
2024-03-26 19:20:07,949 - INFO - Epoch [4/10], Iteration [21000/29808], Loss: 9.525461204662209
2024-03-26 19:20:09,206 - INFO - Epoch [4/10], Iteration [22000/29808], Loss: 9.531259933295575
2024-03-26 19:20:10,447 - INFO - Epoch [4/10], Iteration [23000/29808], Loss: 9.526191066806732
2024-03-26 19:20:11,596 - INFO - Epoch [4/10], Iteration [24000/29808], Loss: 9.504753517168263
2024-03-26 19:20:12,725 - INFO - Epoch [4/10], Iteration [25000/29808], Loss: 9.513855282924176
2024-03-26 19:20:13,846 - INFO - Epoch [4/10], Iteration [26000/29808], Loss: 9.502362599792388
2024-03-26 19:20:15,045 - INFO - Epoch [4/10], Iteration [27000/29808], Loss: 9.511397762389095
2024-03-26 19:20:16,234 - INFO - Epoch [4/10], Iteration [28000/29808], Loss: 9.499771308515752
2024-03-26 19:20:17,396 - INFO - Epoch [4/10], Iteration [29000/29808], Loss: 9.498685097365543
2024-03-26 19:20:19,743 - INFO - Epoch [5/10], Iteration [1000/29808], Loss: 9.676794325828553
2024-03-26 19:20:20,956 - INFO - Epoch [5/10], Iteration [2000/29808], Loss: 9.455717681527137
2024-03-26 19:20:22,091 - INFO - Epoch [5/10], Iteration [3000/29808], Loss: 9.368764298915863
2024-03-26 19:20:23,243 - INFO - Epoch [5/10], Iteration [4000/29808], Loss: 9.426854609042406
2024-03-26 19:20:24,423 - INFO - Epoch [5/10], Iteration [5000/29808], Loss: 9.389395550751686
2024-03-26 19:20:25,584 - INFO - Epoch [5/10], Iteration [6000/29808], Loss: 9.38998816794157
2024-03-26 19:20:26,801 - INFO - Epoch [5/10], Iteration [7000/29808], Loss: 9.405458298836436
2024-03-26 19:20:28,328 - INFO - Epoch [5/10], Iteration [8000/29808], Loss: 9.401175835803151
2024-03-26 19:20:29,499 - INFO - Epoch [5/10], Iteration [9000/29808], Loss: 9.404177811927266
2024-03-26 19:20:30,626 - INFO - Epoch [5/10], Iteration [10000/29808], Loss: 9.403955688387155
2024-03-26 19:20:31,743 - INFO - Epoch [5/10], Iteration [11000/29808], Loss: 9.390141087396579
2024-03-26 19:20:32,892 - INFO - Epoch [5/10], Iteration [12000/29808], Loss: 9.36732738913099
2024-03-26 19:20:34,051 - INFO - Epoch [5/10], Iteration [13000/29808], Loss: 9.245114122872168
2024-03-26 19:20:35,167 - INFO - Epoch [5/10], Iteration [14000/29808], Loss: 9.273534038037061
2024-03-26 19:20:36,297 - INFO - Epoch [5/10], Iteration [15000/29808], Loss: 9.280749030184746
2024-03-26 19:20:37,409 - INFO - Epoch [5/10], Iteration [16000/29808], Loss: 9.303549048840999
2024-03-26 19:20:38,563 - INFO - Epoch [5/10], Iteration [17000/29808], Loss: 9.304176980916191
2024-03-26 19:20:39,726 - INFO - Epoch [5/10], Iteration [18000/29808], Loss: 9.31290619550811
2024-03-26 19:20:40,926 - INFO - Epoch [5/10], Iteration [19000/29808], Loss: 9.300652429618333
2024-03-26 19:20:42,131 - INFO - Epoch [5/10], Iteration [20000/29808], Loss: 9.284064978852868
2024-03-26 19:20:43,310 - INFO - Epoch [5/10], Iteration [21000/29808], Loss: 9.290783048133056
2024-03-26 19:20:44,495 - INFO - Epoch [5/10], Iteration [22000/29808], Loss: 9.297704233551567
2024-03-26 19:20:45,649 - INFO - Epoch [5/10], Iteration [23000/29808], Loss: 9.295508458041626
2024-03-26 19:20:46,792 - INFO - Epoch [5/10], Iteration [24000/29808], Loss: 9.27538120680799
2024-03-26 19:20:47,941 - INFO - Epoch [5/10], Iteration [25000/29808], Loss: 9.285679683663846
2024-03-26 19:20:49,098 - INFO - Epoch [5/10], Iteration [26000/29808], Loss: 9.273941300220214
2024-03-26 19:20:50,242 - INFO - Epoch [5/10], Iteration [27000/29808], Loss: 9.283879469021603
2024-03-26 19:20:51,380 - INFO - Epoch [5/10], Iteration [28000/29808], Loss: 9.271582487766231
2024-03-26 19:20:52,500 - INFO - Epoch [5/10], Iteration [29000/29808], Loss: 9.272356274769225
2024-03-26 19:20:54,842 - INFO - Epoch [6/10], Iteration [1000/29808], Loss: 9.488778600096703
2024-03-26 19:20:56,050 - INFO - Epoch [6/10], Iteration [2000/29808], Loss: 9.298387803077699
2024-03-26 19:20:57,263 - INFO - Epoch [6/10], Iteration [3000/29808], Loss: 9.197922336856523
2024-03-26 19:20:58,463 - INFO - Epoch [6/10], Iteration [4000/29808], Loss: 9.265565056100488
2024-03-26 19:20:59,865 - INFO - Epoch [6/10], Iteration [5000/29808], Loss: 9.230750361001492
2024-03-26 19:21:01,114 - INFO - Epoch [6/10], Iteration [6000/29808], Loss: 9.22792511160175
2024-03-26 19:21:02,451 - INFO - Epoch [6/10], Iteration [7000/29808], Loss: 9.243096722917898
2024-03-26 19:21:03,579 - INFO - Epoch [6/10], Iteration [8000/29808], Loss: 9.24156978739053
2024-03-26 19:21:04,696 - INFO - Epoch [6/10], Iteration [9000/29808], Loss: 9.250699810379082
2024-03-26 19:21:05,830 - INFO - Epoch [6/10], Iteration [10000/29808], Loss: 9.250518974423409
2024-03-26 19:21:06,956 - INFO - Epoch [6/10], Iteration [11000/29808], Loss: 9.236310995058579
2024-03-26 19:21:08,089 - INFO - Epoch [6/10], Iteration [12000/29808], Loss: 9.212193317721287
2024-03-26 19:21:09,268 - INFO - Epoch [6/10], Iteration [13000/29808], Loss: 9.083771356958609
2024-03-26 19:21:10,388 - INFO - Epoch [6/10], Iteration [14000/29808], Loss: 9.112198277805533
2024-03-26 19:21:11,540 - INFO - Epoch [6/10], Iteration [15000/29808], Loss: 9.121576188051701
2024-03-26 19:21:12,841 - INFO - Epoch [6/10], Iteration [16000/29808], Loss: 9.148841532874853
2024-03-26 19:21:14,106 - INFO - Epoch [6/10], Iteration [17000/29808], Loss: 9.152150478033459
2024-03-26 19:21:15,370 - INFO - Epoch [6/10], Iteration [18000/29808], Loss: 9.16352093004518
2024-03-26 19:21:16,584 - INFO - Epoch [6/10], Iteration [19000/29808], Loss: 9.153333918333054
2024-03-26 19:21:17,807 - INFO - Epoch [6/10], Iteration [20000/29808], Loss: 9.137295083069802
2024-03-26 19:21:19,074 - INFO - Epoch [6/10], Iteration [21000/29808], Loss: 9.14693571291651
2024-03-26 19:21:20,303 - INFO - Epoch [6/10], Iteration [22000/29808], Loss: 9.155752331330017
2024-03-26 19:21:21,534 - INFO - Epoch [6/10], Iteration [23000/29808], Loss: 9.154955449334953
2024-03-26 19:21:22,785 - INFO - Epoch [6/10], Iteration [24000/29808], Loss: 9.134348006916543
2024-03-26 19:21:23,962 - INFO - Epoch [6/10], Iteration [25000/29808], Loss: 9.144624104804993
2024-03-26 19:21:25,344 - INFO - Epoch [6/10], Iteration [26000/29808], Loss: 9.133481754197524
2024-03-26 19:21:26,648 - INFO - Epoch [6/10], Iteration [27000/29808], Loss: 9.143729463409494
2024-03-26 19:21:27,875 - INFO - Epoch [6/10], Iteration [28000/29808], Loss: 9.132599223767008
2024-03-26 19:21:29,139 - INFO - Epoch [6/10], Iteration [29000/29808], Loss: 9.133225310214634
2024-03-26 19:21:31,597 - INFO - Epoch [7/10], Iteration [1000/29808], Loss: 9.378750484585762
2024-03-26 19:21:32,866 - INFO - Epoch [7/10], Iteration [2000/29808], Loss: 9.196884220957756
2024-03-26 19:21:34,062 - INFO - Epoch [7/10], Iteration [3000/29808], Loss: 9.075830241560936
2024-03-26 19:21:35,205 - INFO - Epoch [7/10], Iteration [4000/29808], Loss: 9.154925572931766
2024-03-26 19:21:36,362 - INFO - Epoch [7/10], Iteration [5000/29808], Loss: 9.12615955183506
